\BOOKMARK [0][-]{chapter.1}{\376\377\000C\000l\000a\000s\000s\000\040\000I\000n\000d\000e\000x}{}
\BOOKMARK [1][-]{section.1.1}{\376\377\000C\000l\000a\000s\000s\000\040\000L\000i\000s\000t}{chapter.1}
\BOOKMARK [0][-]{chapter.2}{\376\377\000C\000l\000a\000s\000s\000\040\000D\000o\000c\000u\000m\000e\000n\000t\000a\000t\000i\000o\000n}{}
\BOOKMARK [1][-]{section.2.1}{\376\377\000k\0002\000a\000g\000e\000.\000b\000i\000n\000a\000r\000y\000.\000B\000i\000n\000a\000r\000y\000\040\000C\000l\000a\000s\000s\000\040\000R\000e\000f\000e\000r\000e\000n\000c\000e}{chapter.2}
\BOOKMARK [2][-]{subsection.2.1.1}{\376\377\000C\000o\000n\000s\000t\000r\000u\000c\000t\000o\000r\000\040\000\046\000\040\000D\000e\000s\000t\000r\000u\000c\000t\000o\000r\000\040\000D\000o\000c\000u\000m\000e\000n\000t\000a\000t\000i\000o\000n}{section.2.1}
\BOOKMARK [3][-]{subsubsection.2.1.1.1}{\376\377\000\137\000\137\000i\000n\000i\000t\000\137\000\137}{subsection.2.1.1}
\BOOKMARK [2][-]{subsection.2.1.2}{\376\377\000M\000e\000m\000b\000e\000r\000\040\000F\000u\000n\000c\000t\000i\000o\000n\000\040\000D\000o\000c\000u\000m\000e\000n\000t\000a\000t\000i\000o\000n}{section.2.1}
\BOOKMARK [3][-]{subsubsection.2.1.2.1}{\376\377\000c\000o\000n\000v\000o\000l\000v\000e\000T\000r\000a\000c\000k\000s}{subsection.2.1.2}
\BOOKMARK [3][-]{subsubsection.2.1.2.2}{\376\377\000g\000e\000t\000C\0002\000C\000o\000e\000f\000f\000i\000c\000i\000e\000n\000t\000s}{subsection.2.1.2}
\BOOKMARK [3][-]{subsubsection.2.1.2.3}{\376\377\000k\0002\000A\000g\000e}{subsection.2.1.2}
\BOOKMARK [3][-]{subsubsection.2.1.2.4}{\376\377\000p\000r\000i\000n\000t\000T\000o\000F\000i\000l\000e}{subsection.2.1.2}
\BOOKMARK [1][-]{section.2.2}{\376\377\000k\0002\000a\000g\000e\000.\000t\000r\000a\000c\000k\000s\000.\000D\000s\000e\000p\000M\000o\000d\000e\000l\000\040\000C\000l\000a\000s\000s\000\040\000R\000e\000f\000e\000r\000e\000n\000c\000e}{chapter.2}
\BOOKMARK [2][-]{subsection.2.2.1}{\376\377\000C\000o\000n\000s\000t\000r\000u\000c\000t\000o\000r\000\040\000\046\000\040\000D\000e\000s\000t\000r\000u\000c\000t\000o\000r\000\040\000D\000o\000c\000u\000m\000e\000n\000t\000a\000t\000i\000o\000n}{section.2.2}
\BOOKMARK [3][-]{subsubsection.2.2.1.1}{\376\377\000\137\000\137\000i\000n\000i\000t\000\137\000\137}{subsection.2.2.1}
\BOOKMARK [2][-]{subsection.2.2.2}{\376\377\000M\000e\000m\000b\000e\000r\000\040\000F\000u\000n\000c\000t\000i\000o\000n\000\040\000D\000o\000c\000u\000m\000e\000n\000t\000a\000t\000i\000o\000n}{section.2.2}
\BOOKMARK [3][-]{subsubsection.2.2.2.1}{\376\377\000g\000e\000t\000F\000i\000l\000e\000N\000a\000m\000e}{subsection.2.2.2}
\BOOKMARK [3][-]{subsubsection.2.2.2.2}{\376\377\000g\000e\000t\000M\000a\000s\000s\000T\000r\000a\000c\000k}{subsection.2.2.2}
\BOOKMARK [3][-]{subsubsection.2.2.2.3}{\376\377\000l\000o\000a\000d\000M\000a\000s\000s\000T\000r\000a\000c\000k}{subsection.2.2.2}
\BOOKMARK [3][-]{subsubsection.2.2.2.4}{\376\377\000m\000a\000s\000s\000T\000r\000a\000c\000k\000I\000n\000t\000e\000r\000p\000o\000l\000a\000t\000e}{subsection.2.2.2}
\BOOKMARK [3][-]{subsubsection.2.2.2.5}{\376\377\000s\000e\000t\000E\000q\000u\000a\000l\000G\000r\000i\000d}{subsection.2.2.2}
\BOOKMARK [1][-]{section.2.3}{\376\377\000k\0002\000a\000g\000e\000.\000s\000t\000a\000r\000.\000S\000t\000a\000r\000\040\000C\000l\000a\000s\000s\000\040\000R\000e\000f\000e\000r\000e\000n\000c\000e}{chapter.2}
\BOOKMARK [2][-]{subsection.2.3.1}{\376\377\000C\000o\000n\000s\000t\000r\000u\000c\000t\000o\000r\000\040\000\046\000\040\000D\000e\000s\000t\000r\000u\000c\000t\000o\000r\000\040\000D\000o\000c\000u\000m\000e\000n\000t\000a\000t\000i\000o\000n}{section.2.3}
\BOOKMARK [3][-]{subsubsection.2.3.1.1}{\376\377\000\137\000\137\000i\000n\000i\000t\000\137\000\137}{subsection.2.3.1}
\BOOKMARK [2][-]{subsection.2.3.2}{\376\377\000M\000e\000m\000b\000e\000r\000\040\000F\000u\000n\000c\000t\000i\000o\000n\000\040\000D\000o\000c\000u\000m\000e\000n\000t\000a\000t\000i\000o\000n}{section.2.3}
\BOOKMARK [3][-]{subsubsection.2.3.2.1}{\376\377\000m\000a\000s\000s\000T\000r\000a\000c\000k}{subsection.2.3.2}
